<?xml version="1.0" encoding="UTF-8"?>
<!-- Generated by org.testng.reporters.JUnitXMLReporter -->
<testsuite hostname="INMUCHLP02113" ignored="0" name="Default test" tests="3" failures="0" timestamp="30 Jul 2017 12:00:54 GMT" time="0.065" errors="0">
  <testcase name="Barsha" time="0.011" classname="NewTestNG.SecondClass"/>
  <testcase name="Barsha" time="0.001" classname="NewTestNG.SecondClass"/>
  <testcase name="Barsha" time="0.001" classname="NewTestNG.SecondClass"/>
</testsuite> <!-- Default test -->
