<?xml version="1.0" encoding="UTF-8"?>
<testng-results skipped="0" failed="0" ignored="0" total="3" passed="3">
  <reporter-output>
  </reporter-output>
  <suite name="Default suite" duration-ms="65" started-at="2017-07-30T12:00:54Z" finished-at="2017-07-30T12:00:54Z">
    <groups>
    </groups>
    <test name="Default test" duration-ms="65" started-at="2017-07-30T12:00:54Z" finished-at="2017-07-30T12:00:54Z">
      <class name="NewTestNG.SecondClass">
        <test-method status="PASS" signature="beforeClass()[pri:0, instance:NewTestNG.SecondClass@13e7444]" name="beforeClass" is-config="true" duration-ms="13" started-at="2017-07-30T17:30:54Z" finished-at="2017-07-30T17:30:54Z">
          <reporter-output>
          </reporter-output>
        </test-method> <!-- beforeClass -->
        <test-method status="PASS" signature="beforeMethod()[pri:0, instance:NewTestNG.SecondClass@13e7444]" name="beforeMethod" is-config="true" duration-ms="1" started-at="2017-07-30T17:30:54Z" finished-at="2017-07-30T17:30:54Z">
          <reporter-output>
          </reporter-output>
        </test-method> <!-- beforeMethod -->
        <test-method status="PASS" signature="Barsha(java.lang.String, java.lang.String)[pri:0, instance:NewTestNG.SecondClass@13e7444]" name="Barsha" duration-ms="11" started-at="2017-07-30T17:30:54Z" data-provider="getData" finished-at="2017-07-30T17:30:54Z">
          <params>
            <param index="0">
              <value>
                <![CDATA[sampleuser1]]>
              </value>
            </param>
            <param index="1">
              <value>
                <![CDATA[abcdef]]>
              </value>
            </param>
          </params>
          <reporter-output>
          </reporter-output>
        </test-method> <!-- Barsha -->
        <test-method status="PASS" signature="afterMethod()[pri:0, instance:NewTestNG.SecondClass@13e7444]" name="afterMethod" is-config="true" duration-ms="1" started-at="2017-07-30T17:30:54Z" finished-at="2017-07-30T17:30:54Z">
          <reporter-output>
          </reporter-output>
        </test-method> <!-- afterMethod -->
        <test-method status="PASS" signature="Barsha(java.lang.String, java.lang.String)[pri:0, instance:NewTestNG.SecondClass@13e7444]" name="Barsha" duration-ms="1" started-at="2017-07-30T17:30:54Z" data-provider="getData" finished-at="2017-07-30T17:30:54Z">
          <params>
            <param index="0">
              <value>
                <![CDATA[testuser2]]>
              </value>
            </param>
            <param index="1">
              <value>
                <![CDATA[zxcvb]]>
              </value>
            </param>
          </params>
          <reporter-output>
          </reporter-output>
        </test-method> <!-- Barsha -->
        <test-method status="PASS" signature="beforeMethod()[pri:0, instance:NewTestNG.SecondClass@13e7444]" name="beforeMethod" is-config="true" duration-ms="0" started-at="2017-07-30T17:30:54Z" finished-at="2017-07-30T17:30:54Z">
          <reporter-output>
          </reporter-output>
        </test-method> <!-- beforeMethod -->
        <test-method status="PASS" signature="afterMethod()[pri:0, instance:NewTestNG.SecondClass@13e7444]" name="afterMethod" is-config="true" duration-ms="0" started-at="2017-07-30T17:30:54Z" finished-at="2017-07-30T17:30:54Z">
          <reporter-output>
          </reporter-output>
        </test-method> <!-- afterMethod -->
        <test-method status="PASS" signature="beforeMethod()[pri:0, instance:NewTestNG.SecondClass@13e7444]" name="beforeMethod" is-config="true" duration-ms="0" started-at="2017-07-30T17:30:54Z" finished-at="2017-07-30T17:30:54Z">
          <reporter-output>
          </reporter-output>
        </test-method> <!-- beforeMethod -->
        <test-method status="PASS" signature="Barsha(java.lang.String, java.lang.String)[pri:0, instance:NewTestNG.SecondClass@13e7444]" name="Barsha" duration-ms="1" started-at="2017-07-30T17:30:54Z" data-provider="getData" finished-at="2017-07-30T17:30:54Z">
          <params>
            <param index="0">
              <value>
                <![CDATA[guestuser3]]>
              </value>
            </param>
            <param index="1">
              <value>
                <![CDATA[pass123]]>
              </value>
            </param>
          </params>
          <reporter-output>
          </reporter-output>
        </test-method> <!-- Barsha -->
        <test-method status="PASS" signature="afterMethod()[pri:0, instance:NewTestNG.SecondClass@13e7444]" name="afterMethod" is-config="true" duration-ms="0" started-at="2017-07-30T17:30:54Z" finished-at="2017-07-30T17:30:54Z">
          <reporter-output>
          </reporter-output>
        </test-method> <!-- afterMethod -->
      </class> <!-- NewTestNG.SecondClass -->
    </test> <!-- Default test -->
  </suite> <!-- Default suite -->
</testng-results>
